Using pre-set license

 COMMAND LINE ARGUMENTS:
/Applications/Unity/Hub/Editor/2020.3.7f1/Unity.app/Contents/MacOS/Unity
-adb2
-batchMode
-noUpm
-name
AssetImportWorker0
-projectPath
/Users/penguin/work/unity/test
-logFile
Logs/AssetImportWorker0.log
-srvPort
59256
Successfully changed project path to: /Users/penguin/work/unity/test
/Users/penguin/work/unity/test
Using Asset Import Pipeline V2.
Refreshing native plugins compatible for Editor in 24.23 ms, found 1 plugins.
Preloading 0 native plugins for Editor in 0.00 ms.
Initialize engine version: 2020.3.7f1 (dd97f2c94397)
[Subsystems] Discovering subsystems at path /Applications/Unity/Hub/Editor/2020.3.7f1/Unity.app/Contents/Resources/UnitySubsystems
[Subsystems] Discovering subsystems at path /Users/penguin/work/unity/test/Assets
GfxDevice: creating device client; threaded=0
2021-06-22 11:53:19.602 Unity[10119:571472] Color LCD preferred device: Intel(R) Iris(TM) Plus Graphics (low power)
2021-06-22 11:53:19.602 Unity[10119:571472] Metal devices available: 1
2021-06-22 11:53:19.602 Unity[10119:571472] 0: Intel(R) Iris(TM) Plus Graphics (low power)
2021-06-22 11:53:19.603 Unity[10119:571472] Using device Intel(R) Iris(TM) Plus Graphics (low power)
Initializing Metal device caps: Intel(R) Iris(TM) Plus Graphics
Initialize mono
Mono path[0] = '/Applications/Unity/Hub/Editor/2020.3.7f1/Unity.app/Contents/Managed'
Mono path[1] = '/Applications/Unity/Hub/Editor/2020.3.7f1/Unity.app/Contents/MonoBleedingEdge/lib/mono/unityjit'
Mono config path = '/Applications/Unity/Hub/Editor/2020.3.7f1/Unity.app/Contents/MonoBleedingEdge/etc'
Using monoOptions --debugger-agent=transport=dt_socket,embedding=1,server=y,suspend=n,address=127.0.0.1:56119
Begin MonoManager ReloadAssembly
Registering precompiled unity dll's ...
Register platform support module: /Applications/Unity/Hub/Editor/2020.3.7f1/PlaybackEngines/WebGLSupport/UnityEditor.WebGL.Extensions.dll
Register platform support module: /Applications/Unity/Hub/Editor/2020.3.7f1/Unity.app/Contents/PlaybackEngines/MacStandaloneSupport/UnityEditor.OSXStandalone.Extensions.dll
Registered in 0.003839 seconds.
Native extension for OSXStandalone target not found
Native extension for WebGL target not found
Refreshing native plugins compatible for Editor in 22.07 ms, found 1 plugins.
Preloading 0 native plugins for Editor in 0.00 ms.
Mono: successfully reloaded assembly
- Completed reload, in  1.696 seconds
Platform modules already initialized, skipping
Registering precompiled user dll's ...
Registered in 0.001198 seconds.
Begin MonoManager ReloadAssembly
Native extension for OSXStandalone target not found
Native extension for WebGL target not found
Refreshing native plugins compatible for Editor in 0.19 ms, found 1 plugins.
Preloading 0 native plugins for Editor in 0.00 ms.
Mono: successfully reloaded assembly
- Completed reload, in  1.050 seconds
Platform modules already initialized, skipping
========================================================================
Worker process is ready to serve import requests
Launching external process: /Applications/Unity/Hub/Editor/2020.3.7f1/Unity.app/Contents/Tools/UnityShaderCompiler
Launched and connected shader compiler UnityShaderCompiler after 0.01 seconds
Refreshing native plugins compatible for Editor in 0.18 ms, found 1 plugins.
Preloading 0 native plugins for Editor in 0.00 ms.
Unloading 1121 Unused Serialized files (Serialized files now loaded: 0)
System memory in use before: 112.1 MB.
System memory in use after: 112.1 MB.

Unloading 10 unused Assets to reduce memory usage. Loaded Objects now: 1564.
Total: 3.132473 ms (FindLiveObjects: 0.271679 ms CreateObjectMapping: 0.104573 ms MarkObjects: 2.546690 ms  DeleteObjects: 0.207488 ms)

========================================================================
Received Import Request.
  path: Assets/New Material.mat
  artifactKey: Guid(6d6d120a78ce140929d7c0dc8d1de2f4) Importer(815301076,1909f56bfc062723c751e8b465ee728b)
Start importing Assets/New Material.mat using Guid(6d6d120a78ce140929d7c0dc8d1de2f4) Importer(815301076,1909f56bfc062723c751e8b465ee728b)  -> (artifact id: '2edcda32b340325e066c00b83f958cdd') in 0.594898 seconds
  Import took 0.598778 seconds .

========================================================================
Received Import Request.
  Time since last request: 0.000362 seconds.
  path: Assets/Cube.prefab
  artifactKey: Guid(9fb8e9eed71f948ccbc1c9628d150d48) Importer(815301076,1909f56bfc062723c751e8b465ee728b)
Start importing Assets/Cube.prefab using Guid(9fb8e9eed71f948ccbc1c9628d150d48) Importer(815301076,1909f56bfc062723c751e8b465ee728b)  -> (artifact id: '95ec5bdb4a444c6274cc1d80b84421f6') in 0.199831 seconds
  Import took 0.202482 seconds .

========================================================================
Received Import Request.
  Time since last request: 1.258725 seconds.
  path: Assets/udpClient.cs
  artifactKey: Guid(c3e8d953351754a15828e3746ef5fdc3) Importer(815301076,1909f56bfc062723c751e8b465ee728b)
Start importing Assets/udpClient.cs using Guid(c3e8d953351754a15828e3746ef5fdc3) Importer(815301076,1909f56bfc062723c751e8b465ee728b)  -> (artifact id: '58d8fb0768c2220a456dac60cfe9783f') in 0.441221 seconds
  Import took 0.444392 seconds .

